<?xml version="1.0" encoding="UTF-8" ?>
<testsuite errors="0" failures="1" hostname="MacBook-Pro-16-de-thomas.local" name="saejava.EnseignantExceptionsTests.EnseignantVideTest" skipped="0" tests="1" time="0.249" timestamp="2025-01-16T14:54:59">
  <properties>
[...]
</properties>
  <testcase classname="saejava.EnseignantExceptionsTests.EnseignantVideTest" name="afficherEnseignantsTest" time="0.023">
    <failure message="expected:&lt;[]&gt; but was:&lt;[C]&gt;" type="junit.framework.AssertionFailedError">junit.framework.AssertionFailedError: expected:&lt;[]&gt; but was:&lt;[C]&gt;
	at saejava.EnseignantExceptionsTests.EnseignantVideTest.afficherEnseignantsTest(EnseignantVideTest.java:40)
	at java.base/jdk.internal.reflect.DirectMethodHandleAccessor.invoke(DirectMethodHandleAccessor.java:103)
</failure>
  </testcase>
  <system-out><![CDATA[Aucun enseignant n'a ete affecte a la ressource C
]]></system-out>
  <system-err><![CDATA[]]></system-err>
</testsuite>
